<?xml version="1.0" encoding="UTF-8"?>
<testng-results ignored="0" total="15" passed="15" failed="0" skipped="0">
  <reporter-output>
  </reporter-output>
  <suite started-at="2025-07-02T20:47:40 IST" name="Default suite" finished-at="2025-07-02T20:47:53 IST" duration-ms="12450">
    <groups>
      <group name="cucumber">
        <method signature="AbstractTestNGCucumberTests.runScenario(io.cucumber.testng.PickleWrapper,io.cucumber.testng.FeatureWrapper)[pri:0, instance:runner.RunnerTest@4562e04d]" name="runScenario" class="io.cucumber.testng.AbstractTestNGCucumberTests"/>
      </group> <!-- cucumber -->
    </groups>
    <test started-at="2025-07-02T20:47:40 IST" name="Default test" finished-at="2025-07-02T20:47:53 IST" duration-ms="12450">
      <class name="runner.RunnerTest">
        <test-method is-config="true" signature="setUpClass(org.testng.ITestContext)[pri:0, instance:runner.RunnerTest@4562e04d]" started-at="2025-07-02T20:47:40 IST" name="setUpClass" finished-at="2025-07-02T20:47:40 IST" duration-ms="354" status="PASS">
          <params>
            <param index="0">
              <value>
                <![CDATA[org.testng.TestRunner@38811103]]>
              </value>
            </param>
          </params>
          <reporter-output>
          </reporter-output>
        </test-method> <!-- setUpClass -->
        <test-method signature="runScenario(io.cucumber.testng.PickleWrapper,io.cucumber.testng.FeatureWrapper)[pri:0, instance:runner.RunnerTest@4562e04d]" started-at="2025-07-02T20:47:40 IST" name="runScenario" description="Runs Cucumber Scenarios" data-provider="scenarios" finished-at="2025-07-02T20:47:44 IST" duration-ms="3403" status="PASS">
          <params>
            <param index="0">
              <value>
                <![CDATA["register Admin user using Post Request"]]>
              </value>
            </param>
            <param index="1">
              <value>
                <![CDATA["Test End to End Medicare Apis"]]>
              </value>
            </param>
          </params>
          <reporter-output>
          </reporter-output>
        </test-method> <!-- runScenario -->
        <test-method signature="runScenario(io.cucumber.testng.PickleWrapper,io.cucumber.testng.FeatureWrapper)[pri:0, instance:runner.RunnerTest@4562e04d]" started-at="2025-07-02T20:47:44 IST" name="runScenario" description="Runs Cucumber Scenarios" data-provider="scenarios" finished-at="2025-07-02T20:47:45 IST" duration-ms="800" status="PASS">
          <params>
            <param index="0">
              <value>
                <![CDATA["Login admin user using post request"]]>
              </value>
            </param>
            <param index="1">
              <value>
                <![CDATA["Test End to End Medicare Apis"]]>
              </value>
            </param>
          </params>
          <reporter-output>
          </reporter-output>
        </test-method> <!-- runScenario -->
        <test-method signature="runScenario(io.cucumber.testng.PickleWrapper,io.cucumber.testng.FeatureWrapper)[pri:0, instance:runner.RunnerTest@4562e04d]" started-at="2025-07-02T20:47:45 IST" name="runScenario" description="Runs Cucumber Scenarios" data-provider="scenarios" finished-at="2025-07-02T20:47:45 IST" duration-ms="629" status="PASS">
          <params>
            <param index="0">
              <value>
                <![CDATA["add category using Admin account and using Post Request"]]>
              </value>
            </param>
            <param index="1">
              <value>
                <![CDATA["Test End to End Medicare Apis"]]>
              </value>
            </param>
          </params>
          <reporter-output>
          </reporter-output>
        </test-method> <!-- runScenario -->
        <test-method signature="runScenario(io.cucumber.testng.PickleWrapper,io.cucumber.testng.FeatureWrapper)[pri:0, instance:runner.RunnerTest@4562e04d]" started-at="2025-07-02T20:47:45 IST" name="runScenario" description="Runs Cucumber Scenarios" data-provider="scenarios" finished-at="2025-07-02T20:47:46 IST" duration-ms="635" status="PASS">
          <params>
            <param index="0">
              <value>
                <![CDATA["get category using Admin account and using GET Request"]]>
              </value>
            </param>
            <param index="1">
              <value>
                <![CDATA["Test End to End Medicare Apis"]]>
              </value>
            </param>
          </params>
          <reporter-output>
          </reporter-output>
        </test-method> <!-- runScenario -->
        <test-method signature="runScenario(io.cucumber.testng.PickleWrapper,io.cucumber.testng.FeatureWrapper)[pri:0, instance:runner.RunnerTest@4562e04d]" started-at="2025-07-02T20:47:46 IST" name="runScenario" description="Runs Cucumber Scenarios" data-provider="scenarios" finished-at="2025-07-02T20:47:47 IST" duration-ms="602" status="PASS">
          <params>
            <param index="0">
              <value>
                <![CDATA["add product using Admin account and using Post Request"]]>
              </value>
            </param>
            <param index="1">
              <value>
                <![CDATA["Test End to End Medicare Apis"]]>
              </value>
            </param>
          </params>
          <reporter-output>
          </reporter-output>
        </test-method> <!-- runScenario -->
        <test-method signature="runScenario(io.cucumber.testng.PickleWrapper,io.cucumber.testng.FeatureWrapper)[pri:0, instance:runner.RunnerTest@4562e04d]" started-at="2025-07-02T20:47:47 IST" name="runScenario" description="Runs Cucumber Scenarios" data-provider="scenarios" finished-at="2025-07-02T20:47:47 IST" duration-ms="556" status="PASS">
          <params>
            <param index="0">
              <value>
                <![CDATA["get product using Admin account and using get Request"]]>
              </value>
            </param>
            <param index="1">
              <value>
                <![CDATA["Test End to End Medicare Apis"]]>
              </value>
            </param>
          </params>
          <reporter-output>
          </reporter-output>
        </test-method> <!-- runScenario -->
        <test-method signature="runScenario(io.cucumber.testng.PickleWrapper,io.cucumber.testng.FeatureWrapper)[pri:0, instance:runner.RunnerTest@4562e04d]" started-at="2025-07-02T20:47:47 IST" name="runScenario" description="Runs Cucumber Scenarios" data-provider="scenarios" finished-at="2025-07-02T20:47:48 IST" duration-ms="557" status="PASS">
          <params>
            <param index="0">
              <value>
                <![CDATA["add product using Admin account and using Post Request"]]>
              </value>
            </param>
            <param index="1">
              <value>
                <![CDATA["Test End to End Medicare Apis"]]>
              </value>
            </param>
          </params>
          <reporter-output>
          </reporter-output>
        </test-method> <!-- runScenario -->
        <test-method signature="runScenario(io.cucumber.testng.PickleWrapper,io.cucumber.testng.FeatureWrapper)[pri:0, instance:runner.RunnerTest@4562e04d]" started-at="2025-07-02T20:47:48 IST" name="runScenario" description="Runs Cucumber Scenarios" data-provider="scenarios" finished-at="2025-07-02T20:47:48 IST" duration-ms="632" status="PASS">
          <params>
            <param index="0">
              <value>
                <![CDATA["Upload Product image using POST Request"]]>
              </value>
            </param>
            <param index="1">
              <value>
                <![CDATA["Test End to End Medicare Apis"]]>
              </value>
            </param>
          </params>
          <reporter-output>
          </reporter-output>
        </test-method> <!-- runScenario -->
        <test-method signature="runScenario(io.cucumber.testng.PickleWrapper,io.cucumber.testng.FeatureWrapper)[pri:0, instance:runner.RunnerTest@4562e04d]" started-at="2025-07-02T20:47:48 IST" name="runScenario" description="Runs Cucumber Scenarios" data-provider="scenarios" finished-at="2025-07-02T20:47:49 IST" duration-ms="544" status="PASS">
          <params>
            <param index="0">
              <value>
                <![CDATA["get Product image using GET Request"]]>
              </value>
            </param>
            <param index="1">
              <value>
                <![CDATA["Test End to End Medicare Apis"]]>
              </value>
            </param>
          </params>
          <reporter-output>
          </reporter-output>
        </test-method> <!-- runScenario -->
        <test-method signature="runScenario(io.cucumber.testng.PickleWrapper,io.cucumber.testng.FeatureWrapper)[pri:0, instance:runner.RunnerTest@4562e04d]" started-at="2025-07-02T20:47:49 IST" name="runScenario" description="Runs Cucumber Scenarios" data-provider="scenarios" finished-at="2025-07-02T20:47:49 IST" duration-ms="544" status="PASS">
          <params>
            <param index="0">
              <value>
                <![CDATA["get Product from catgory using GET Request"]]>
              </value>
            </param>
            <param index="1">
              <value>
                <![CDATA["Test End to End Medicare Apis"]]>
              </value>
            </param>
          </params>
          <reporter-output>
          </reporter-output>
        </test-method> <!-- runScenario -->
        <test-method signature="runScenario(io.cucumber.testng.PickleWrapper,io.cucumber.testng.FeatureWrapper)[pri:0, instance:runner.RunnerTest@4562e04d]" started-at="2025-07-02T20:47:49 IST" name="runScenario" description="Runs Cucumber Scenarios" data-provider="scenarios" finished-at="2025-07-02T20:47:50 IST" duration-ms="712" status="PASS">
          <params>
            <param index="0">
              <value>
                <![CDATA["Register Admin user using Post Request"]]>
              </value>
            </param>
            <param index="1">
              <value>
                <![CDATA["Test End to End Medicare Apis"]]>
              </value>
            </param>
          </params>
          <reporter-output>
          </reporter-output>
        </test-method> <!-- runScenario -->
        <test-method signature="runScenario(io.cucumber.testng.PickleWrapper,io.cucumber.testng.FeatureWrapper)[pri:0, instance:runner.RunnerTest@4562e04d]" started-at="2025-07-02T20:47:50 IST" name="runScenario" description="Runs Cucumber Scenarios" data-provider="scenarios" finished-at="2025-07-02T20:47:51 IST" duration-ms="713" status="PASS">
          <params>
            <param index="0">
              <value>
                <![CDATA["Login CUSTOMER user using post request"]]>
              </value>
            </param>
            <param index="1">
              <value>
                <![CDATA["Test End to End Medicare Apis"]]>
              </value>
            </param>
          </params>
          <reporter-output>
          </reporter-output>
        </test-method> <!-- runScenario -->
        <test-method signature="runScenario(io.cucumber.testng.PickleWrapper,io.cucumber.testng.FeatureWrapper)[pri:0, instance:runner.RunnerTest@4562e04d]" started-at="2025-07-02T20:47:51 IST" name="runScenario" description="Runs Cucumber Scenarios" data-provider="scenarios" finished-at="2025-07-02T20:47:51 IST" duration-ms="575" status="PASS">
          <params>
            <param index="0">
              <value>
                <![CDATA["Customer add product to add to cart using POST Request"]]>
              </value>
            </param>
            <param index="1">
              <value>
                <![CDATA["Test End to End Medicare Apis"]]>
              </value>
            </param>
          </params>
          <reporter-output>
          </reporter-output>
        </test-method> <!-- runScenario -->
        <test-method signature="runScenario(io.cucumber.testng.PickleWrapper,io.cucumber.testng.FeatureWrapper)[pri:0, instance:runner.RunnerTest@4562e04d]" started-at="2025-07-02T20:47:51 IST" name="runScenario" description="Runs Cucumber Scenarios" data-provider="scenarios" finished-at="2025-07-02T20:47:52 IST" duration-ms="555" status="PASS">
          <params>
            <param index="0">
              <value>
                <![CDATA["Customer get product from add to cart using GET Request"]]>
              </value>
            </param>
            <param index="1">
              <value>
                <![CDATA["Test End to End Medicare Apis"]]>
              </value>
            </param>
          </params>
          <reporter-output>
          </reporter-output>
        </test-method> <!-- runScenario -->
        <test-method signature="runScenario(io.cucumber.testng.PickleWrapper,io.cucumber.testng.FeatureWrapper)[pri:0, instance:runner.RunnerTest@4562e04d]" started-at="2025-07-02T20:47:52 IST" name="runScenario" description="Runs Cucumber Scenarios" data-provider="scenarios" finished-at="2025-07-02T20:47:53 IST" duration-ms="553" status="PASS">
          <params>
            <param index="0">
              <value>
                <![CDATA["custome get cart item as per user id"]]>
              </value>
            </param>
            <param index="1">
              <value>
                <![CDATA["Test End to End Medicare Apis"]]>
              </value>
            </param>
          </params>
          <reporter-output>
          </reporter-output>
        </test-method> <!-- runScenario -->
        <test-method is-config="true" signature="tearDownClass()[pri:0, instance:runner.RunnerTest@4562e04d]" started-at="2025-07-02T20:47:53 IST" name="tearDownClass" finished-at="2025-07-02T20:47:53 IST" duration-ms="3" status="PASS">
          <reporter-output>
          </reporter-output>
        </test-method> <!-- tearDownClass -->
      </class> <!-- runner.RunnerTest -->
    </test> <!-- Default test -->
  </suite> <!-- Default suite -->
</testng-results>
